d:\uicore\third_party_libraries\qttabtoolbar\src\tabtoolbar\tabtoolbar.dir\debug\vc141.pdb
d:\uicore\third_party_libraries\qttabtoolbar\src\tabtoolbar\tabtoolbar.dir\debug\qrc_styletemplate.obj
d:\uicore\third_party_libraries\qttabtoolbar\src\tabtoolbar\tabtoolbar.dir\debug\toolbuttonstyle.obj
d:\uicore\third_party_libraries\qttabtoolbar\src\tabtoolbar\tabtoolbar.dir\debug\styles.obj
d:\uicore\third_party_libraries\qttabtoolbar\src\tabtoolbar\tabtoolbar.dir\debug\styletools.obj
d:\uicore\third_party_libraries\qttabtoolbar\src\tabtoolbar\tabtoolbar.dir\debug\subgroup.obj
d:\uicore\third_party_libraries\qttabtoolbar\src\tabtoolbar\tabtoolbar.dir\debug\group.obj
d:\uicore\third_party_libraries\qttabtoolbar\src\tabtoolbar\tabtoolbar.dir\debug\compacttoolbutton.obj
d:\uicore\third_party_libraries\qttabtoolbar\src\tabtoolbar\tabtoolbar.dir\debug\builder.obj
d:\uicore\third_party_libraries\qttabtoolbar\src\tabtoolbar\tabtoolbar.dir\debug\page.obj
d:\uicore\third_party_libraries\qttabtoolbar\src\tabtoolbar\tabtoolbar.dir\debug\tabtoolbar.obj
d:\uicore\third_party_libraries\qttabtoolbar\src\tabtoolbar\tabtoolbar.dir\debug\mocs_compilation.obj
d:\uicore\third_party_libraries\qttabtoolbar\src\tabtoolbar\tabtoolbar_autogen\ewiega46ww\qrc_styletemplate.cpp
d:\uicore\third_party_libraries\qttabtoolbar\src\tabtoolbar\cmakefiles\generate.stamp
d:\uicore\third_party_libraries\qttabtoolbar\src\tabtoolbar\debug\tabtoolbard.ilk
d:\uicore\third_party_libraries\qttabtoolbar\src\tabtoolbar\debug\tabtoolbard.dll
d:\uicore\third_party_libraries\qttabtoolbar\src\tabtoolbar\debug\tabtoolbard.pdb
d:\uicore\third_party_libraries\qttabtoolbar\src\tabtoolbar\debug\tabtoolbard.lib
d:\uicore\third_party_libraries\qttabtoolbar\src\tabtoolbar\debug\tabtoolbard.exp
d:\uicore\third_party_libraries\qttabtoolbar\src\tabtoolbar\tabtoolbar.dir\debug\tabtoolbar.tlog\cl.command.1.tlog
d:\uicore\third_party_libraries\qttabtoolbar\src\tabtoolbar\tabtoolbar.dir\debug\tabtoolbar.tlog\cl.read.1.tlog
d:\uicore\third_party_libraries\qttabtoolbar\src\tabtoolbar\tabtoolbar.dir\debug\tabtoolbar.tlog\cl.write.1.tlog
d:\uicore\third_party_libraries\qttabtoolbar\src\tabtoolbar\tabtoolbar.dir\debug\tabtoolbar.tlog\custombuild.command.1.tlog
d:\uicore\third_party_libraries\qttabtoolbar\src\tabtoolbar\tabtoolbar.dir\debug\tabtoolbar.tlog\custombuild.read.1.tlog
d:\uicore\third_party_libraries\qttabtoolbar\src\tabtoolbar\tabtoolbar.dir\debug\tabtoolbar.tlog\custombuild.write.1.tlog
d:\uicore\third_party_libraries\qttabtoolbar\src\tabtoolbar\tabtoolbar.dir\debug\tabtoolbar.tlog\link.command.1.tlog
d:\uicore\third_party_libraries\qttabtoolbar\src\tabtoolbar\tabtoolbar.dir\debug\tabtoolbar.tlog\link.read.1.tlog
d:\uicore\third_party_libraries\qttabtoolbar\src\tabtoolbar\tabtoolbar.dir\debug\tabtoolbar.tlog\link.write.1.tlog
d:\uicore\third_party_libraries\qttabtoolbar\src\tabtoolbar\tabtoolbar.dir\debug\tabtoolbar.tlog\tabtoolbar.write.1u.tlog
