d:\uicore\third_party_libraries\qttabtoolbar\src\tabtoolbar\tabtoolbar.dir\release\qrc_styletemplate.obj
d:\uicore\third_party_libraries\qttabtoolbar\src\tabtoolbar\tabtoolbar.dir\release\toolbuttonstyle.obj
d:\uicore\third_party_libraries\qttabtoolbar\src\tabtoolbar\tabtoolbar.dir\release\styles.obj
d:\uicore\third_party_libraries\qttabtoolbar\src\tabtoolbar\tabtoolbar.dir\release\styletools.obj
d:\uicore\third_party_libraries\qttabtoolbar\src\tabtoolbar\tabtoolbar.dir\release\subgroup.obj
d:\uicore\third_party_libraries\qttabtoolbar\src\tabtoolbar\tabtoolbar.dir\release\group.obj
d:\uicore\third_party_libraries\qttabtoolbar\src\tabtoolbar\tabtoolbar.dir\release\compacttoolbutton.obj
d:\uicore\third_party_libraries\qttabtoolbar\src\tabtoolbar\tabtoolbar.dir\release\builder.obj
d:\uicore\third_party_libraries\qttabtoolbar\src\tabtoolbar\tabtoolbar.dir\release\page.obj
d:\uicore\third_party_libraries\qttabtoolbar\src\tabtoolbar\tabtoolbar.dir\release\tabtoolbar.obj
d:\uicore\third_party_libraries\qttabtoolbar\src\tabtoolbar\tabtoolbar.dir\release\mocs_compilation.obj
d:\uicore\third_party_libraries\qttabtoolbar\src\tabtoolbar\tabtoolbar_autogen\ewiega46ww\qrc_styletemplate.cpp
d:\uicore\third_party_libraries\qttabtoolbar\src\tabtoolbar\cmakefiles\generate.stamp
d:\uicore\third_party_libraries\qttabtoolbar\src\tabtoolbar\release\tabtoolbar.dll
d:\uicore\third_party_libraries\qttabtoolbar\src\tabtoolbar\release\tabtoolbar.lib
d:\uicore\third_party_libraries\qttabtoolbar\src\tabtoolbar\release\tabtoolbar.exp
d:\uicore\third_party_libraries\qttabtoolbar\src\tabtoolbar\tabtoolbar.dir\release\tabtoolbar.tlog\cl.command.1.tlog
d:\uicore\third_party_libraries\qttabtoolbar\src\tabtoolbar\tabtoolbar.dir\release\tabtoolbar.tlog\cl.read.1.tlog
d:\uicore\third_party_libraries\qttabtoolbar\src\tabtoolbar\tabtoolbar.dir\release\tabtoolbar.tlog\cl.write.1.tlog
d:\uicore\third_party_libraries\qttabtoolbar\src\tabtoolbar\tabtoolbar.dir\release\tabtoolbar.tlog\custombuild.command.1.tlog
d:\uicore\third_party_libraries\qttabtoolbar\src\tabtoolbar\tabtoolbar.dir\release\tabtoolbar.tlog\custombuild.read.1.tlog
d:\uicore\third_party_libraries\qttabtoolbar\src\tabtoolbar\tabtoolbar.dir\release\tabtoolbar.tlog\custombuild.write.1.tlog
d:\uicore\third_party_libraries\qttabtoolbar\src\tabtoolbar\tabtoolbar.dir\release\tabtoolbar.tlog\link.command.1.tlog
d:\uicore\third_party_libraries\qttabtoolbar\src\tabtoolbar\tabtoolbar.dir\release\tabtoolbar.tlog\link.read.1.tlog
d:\uicore\third_party_libraries\qttabtoolbar\src\tabtoolbar\tabtoolbar.dir\release\tabtoolbar.tlog\link.write.1.tlog
d:\uicore\third_party_libraries\qttabtoolbar\src\tabtoolbar\tabtoolbar.dir\release\tabtoolbar.tlog\tabtoolbar.write.1u.tlog
